2022-08-29 18:26:51,586 DEBUG [main] cache:44 - Couldn't find template in cache for "Extent.ftl"("en_IN", UTF-8, parsed); will try to load it.
2022-08-29 18:26:51,589 DEBUG [main] cache:44 - TemplateLoader.findTemplateSource("Extent_en_IN.ftl"): Not found
2022-08-29 18:26:51,592 DEBUG [main] cache:44 - TemplateLoader.findTemplateSource("Extent_en.ftl"): Not found
2022-08-29 18:26:51,592 DEBUG [main] cache:44 - TemplateLoader.findTemplateSource("Extent.ftl"): Found
2022-08-29 18:26:51,592 DEBUG [main] cache:44 - Loading template for "Extent.ftl"("en_IN", UTF-8, parsed) from "jar:file:/C:/Users/pathansu/.m2/repository/com/relevantcodes/extentreports/2.41.2/extentreports-2.41.2.jar!/com/relevantcodes/extentreports/view/Extent.ftl"
2022-08-29 18:26:51,852 DEBUG [main] cache:44 - Couldn't find template in cache for "Extent.ftl"("en_IN", UTF-8, parsed); will try to load it.
2022-08-29 18:26:51,853 DEBUG [main] cache:44 - TemplateLoader.findTemplateSource("Extent_en_IN.ftl"): Not found
2022-08-29 18:26:51,853 DEBUG [main] cache:44 - TemplateLoader.findTemplateSource("Extent_en.ftl"): Not found
2022-08-29 18:26:51,854 DEBUG [main] cache:44 - TemplateLoader.findTemplateSource("Extent.ftl"): Found
2022-08-29 18:26:51,854 DEBUG [main] cache:44 - Loading template for "Extent.ftl"("en_IN", UTF-8, parsed) from "jar:file:/C:/Users/pathansu/.m2/repository/com/relevantcodes/extentreports/2.41.2/extentreports-2.41.2.jar!/com/relevantcodes/extentreports/view/Extent.ftl"
2022-09-13 12:17:57,864 DEBUG [main] cache:44 - Couldn't find template in cache for "Extent.ftl"("en_IN", UTF-8, parsed); will try to load it.
2022-09-13 12:17:57,866 DEBUG [main] cache:44 - TemplateLoader.findTemplateSource("Extent_en_IN.ftl"): Not found
2022-09-13 12:17:57,868 DEBUG [main] cache:44 - TemplateLoader.findTemplateSource("Extent_en.ftl"): Not found
2022-09-13 12:17:57,869 DEBUG [main] cache:44 - TemplateLoader.findTemplateSource("Extent.ftl"): Found
2022-09-13 12:17:57,869 DEBUG [main] cache:44 - Loading template for "Extent.ftl"("en_IN", UTF-8, parsed) from "jar:file:/C:/Users/pathansu/.m2/repository/com/relevantcodes/extentreports/2.41.2/extentreports-2.41.2.jar!/com/relevantcodes/extentreports/view/Extent.ftl"
2022-09-13 12:17:58,041 DEBUG [main] cache:44 - Couldn't find template in cache for "Extent.ftl"("en_IN", UTF-8, parsed); will try to load it.
2022-09-13 12:17:58,042 DEBUG [main] cache:44 - TemplateLoader.findTemplateSource("Extent_en_IN.ftl"): Not found
2022-09-13 12:17:58,043 DEBUG [main] cache:44 - TemplateLoader.findTemplateSource("Extent_en.ftl"): Not found
2022-09-13 12:17:58,043 DEBUG [main] cache:44 - TemplateLoader.findTemplateSource("Extent.ftl"): Found
2022-09-13 12:17:58,043 DEBUG [main] cache:44 - Loading template for "Extent.ftl"("en_IN", UTF-8, parsed) from "jar:file:/C:/Users/pathansu/.m2/repository/com/relevantcodes/extentreports/2.41.2/extentreports-2.41.2.jar!/com/relevantcodes/extentreports/view/Extent.ftl"
2022-09-13 12:30:50,805 DEBUG [main] cache:44 - Couldn't find template in cache for "Extent.ftl"("en_IN", UTF-8, parsed); will try to load it.
2022-09-13 12:30:50,807 DEBUG [main] cache:44 - TemplateLoader.findTemplateSource("Extent_en_IN.ftl"): Not found
2022-09-13 12:30:50,808 DEBUG [main] cache:44 - TemplateLoader.findTemplateSource("Extent_en.ftl"): Not found
2022-09-13 12:30:50,809 DEBUG [main] cache:44 - TemplateLoader.findTemplateSource("Extent.ftl"): Found
2022-09-13 12:30:50,809 DEBUG [main] cache:44 - Loading template for "Extent.ftl"("en_IN", UTF-8, parsed) from "jar:file:/C:/Users/pathansu/.m2/repository/com/relevantcodes/extentreports/2.41.2/extentreports-2.41.2.jar!/com/relevantcodes/extentreports/view/Extent.ftl"
2022-09-13 12:30:50,966 DEBUG [main] cache:44 - Couldn't find template in cache for "Extent.ftl"("en_IN", UTF-8, parsed); will try to load it.
2022-09-13 12:30:50,967 DEBUG [main] cache:44 - TemplateLoader.findTemplateSource("Extent_en_IN.ftl"): Not found
2022-09-13 12:30:50,967 DEBUG [main] cache:44 - TemplateLoader.findTemplateSource("Extent_en.ftl"): Not found
2022-09-13 12:30:50,967 DEBUG [main] cache:44 - TemplateLoader.findTemplateSource("Extent.ftl"): Found
2022-09-13 12:30:50,968 DEBUG [main] cache:44 - Loading template for "Extent.ftl"("en_IN", UTF-8, parsed) from "jar:file:/C:/Users/pathansu/.m2/repository/com/relevantcodes/extentreports/2.41.2/extentreports-2.41.2.jar!/com/relevantcodes/extentreports/view/Extent.ftl"
